<testsuite failures="0" name="src/test/java/Features/getapiwithquery.feature" skipped="0" tests="2" time="1.043623">
  <testcase classname="src.test.java.Features.getapiwithquery" name="get all active users" time="0.696522">
    <system-out>* def query = {status:'active',gender:'female',id: 4462} .................. passed
Given url baseUrl+ '/public/v1/users' ..................................... passed
And params query .......................................................... passed
When method GET ........................................................... passed
Then status 200 ........................................................... passed
* print response .......................................................... passed</system-out>
  </testcase>
  <testcase classname="src.test.java.Features.getapiwithquery" name="get all active users and geet the count" time="0.347101">
    <system-out>* def query = {status:'active',gender:'female',id: 4462} .................. passed
Given url baseUrl+ '/public/v1/users' ..................................... passed
And params query .......................................................... passed
When method GET ........................................................... passed
Then status 200 ........................................................... passed
* print response .......................................................... passed
* def query = {status:'active'} ........................................... passed
Given url baseUrl+ '/public/v1/users' ..................................... passed
And params query .......................................................... passed
When method GET ........................................................... passed
Then status 200 ........................................................... passed
* def jsonResponse = response ............................................. passed
* print jsonResponse ...................................................... passed
* def userCount = jsonResponse.data.length ................................ passed
* print userCount ......................................................... passed
* match userCount ==10 .................................................... passed</system-out>
  </testcase>
</testsuite>
