<testsuite failures="1" name="src/test/java/Features/AuthToken.feature" skipped="0" tests="1" time="0.734167">
  <testcase classname="src.test.java.Features.AuthToken" name="get user details" time="0.734167">
    <failure message="AuthToken.feature:9 - status code was: 404, expected: 200, response time: 463, url: https://gorest.co.in/public/v1/users/30, response: {&quot;data&quot;:{&quot;message&quot;:&quot;Resource not found&quot;},&quot;meta&quot;:null}">* print tokenID ........................................................... passed
Given header Authorization = 'Bearer '+tokenID ............................ passed
Given url baseUrl+'/public/v1/users' ...................................... passed
And path '30' ............................................................. passed
When method GET ........................................................... passed
Then status 200 ........................................................... failed

Stack Trace:
com.intuit.karate.exception.KarateException: AuthToken.feature:9 - status code was: 404, expected: 200, response time: 463, url: https://gorest.co.in/public/v1/users/30, response: {"data":{"message":"Resource not found"},"meta":null}&#13;
	at âœ½.Then status 200 (AuthToken.feature:9)</failure>
  </testcase>
</testsuite>
